<?xml version="1.0" encoding="UTF-8"?>
<!-- Generated by org.testng.reporters.JUnitReportReporter -->
<testsuite hostname="DESKTOP-O4RO0A0" failures="0" tests="1" name="KDF.ApplicationClass" time="19.315" errors="0" timestamp="2021-11-09T13:07:55 PST" skipped="0">
  <testcase classname="KDF.ApplicationClass" name="verifyInvalidLogin" time="19.315"/>
  <system-out/>
</testsuite> <!-- KDF.ApplicationClass -->
